<?xml version="1.0" encoding="UTF-8"?>
<!-- Generated by org.testng.reporters.JUnitReportReporter -->
<testsuite hostname="DESKTOP-VRBKJTB" failures="0" tests="1" name="Test.ZerodaLoginPageTest_Ng" time="24.616" errors="0" timestamp="2022-07-14T22:08:22 IST" skipped="0">
  <testcase classname="Test.ZerodaLoginPageTest_Ng" name="LoginWithInvalidCredentials" time="24.616"/>
  <system-out/>
</testsuite> <!-- Test.ZerodaLoginPageTest_Ng -->
