<?xml version="1.0" encoding="UTF-8"?>
<!-- Generated by org.testng.reporters.JUnitReportReporter -->
<testsuite hostname="DESKTOP-VRBKJTB" failures="0" tests="1" name="Test.tabletest" time="25.970" errors="0" timestamp="2022-07-24T11:52:04 IST" skipped="0">
  <testcase classname="Test.tabletest" name="WatchListTable" time="25.970"/>
  <system-out/>
</testsuite> <!-- Test.tabletest -->
