<?xml version="1.0" encoding="UTF-8"?>
<!-- Generated by org.testng.reporters.JUnitReportReporter -->
<testsuite hostname="DESKTOP-VRBKJTB" failures="0" tests="2" name="Test.sampleParameterizedNg" time="0.019" errors="0" timestamp="2022-07-15T18:49:42 IST" skipped="0">
  <testcase classname="Test.sampleParameterizedNg" name="test" time="0.015"/>
  <system-out/>
  <testcase classname="Test.sampleParameterizedNg" name="Test1" time="0.004"/>
  <system-out/>
</testsuite> <!-- Test.sampleParameterizedNg -->
