<?xml version="1.0" encoding="UTF-8"?>
<!-- Generated by org.testng.reporters.JUnitReportReporter -->
<testsuite hostname="DESKTOP-VRBKJTB" failures="0" tests="2" name="Test.SampleNg_Test" time="0.007" errors="0" timestamp="2022-07-14T22:08:22 IST" skipped="1">
  <testcase classname="Test.SampleNg_Test" name="test" time="0.007"/>
  <system-out/>
  <testcase classname="Test.SampleNg_Test" name="Demo">
    <skipped/>
  </testcase> <!-- Demo -->
  <system-out/>
</testsuite> <!-- Test.SampleNg_Test -->
