<?xml version="1.0" encoding="UTF-8"?>
<!-- Generated by org.testng.reporters.JUnitReportReporter -->
<testsuite hostname="DESKTOP-VRBKJTB" failures="0" tests="3" name="Test.ZerodaLoginPageTestNg_Method" time="10.314" errors="0" timestamp="2022-07-14T22:08:22 IST" skipped="2">
  <testcase classname="Test.ZerodaLoginPageTestNg_Method" name="loginWithValidCredentials" time="10.314"/>
  <system-out/>
  <testcase classname="Test.ZerodaLoginPageTestNg_Method" name="openSignup">
    <skipped/>
  </testcase> <!-- openSignup -->
  <system-out/>
  <testcase classname="Test.ZerodaLoginPageTestNg_Method" name="openForget">
    <skipped/>
  </testcase> <!-- openForget -->
  <system-out/>
</testsuite> <!-- Test.ZerodaLoginPageTestNg_Method -->
