<?xml version="1.0" encoding="UTF-8"?>
<!-- Generated by org.testng.reporters.JUnitReportReporter -->
<testsuite hostname="DESKTOP-VRBKJTB" failures="0" tests="7" name="PageObjectModel.SampleNg" time="0.122" errors="0" timestamp="2022-07-14T18:11:27 IST" skipped="1">
  <testcase classname="PageObjectModel.SampleNg" name="test" time="0.020"/>
  <system-out/>
  <testcase classname="PageObjectModel.SampleNg" name="Test1" time="0.010"/>
  <system-out/>
  <testcase classname="PageObjectModel.SampleNg" name="Test1" time="0.014"/>
  <system-out/>
  <testcase classname="PageObjectModel.SampleNg" name="Test1" time="0.021"/>
  <system-out/>
  <testcase classname="PageObjectModel.SampleNg" name="Test2" time="0.050"/>
  <system-out/>
  <testcase classname="PageObjectModel.SampleNg" name="Example" time="0.007"/>
  <system-out/>
  <testcase classname="PageObjectModel.SampleNg" name="Demo">
    <skipped/>
  </testcase> <!-- Demo -->
  <system-out/>
</testsuite> <!-- PageObjectModel.SampleNg -->
