<?xml version="1.0" encoding="UTF-8"?>
<!-- Generated by org.testng.reporters.JUnitReportReporter -->
<testsuite hostname="DESKTOP-VRBKJTB" failures="0" tests="7" name="Test.Ng_Method" time="102.864" errors="0" timestamp="2022-07-14T17:37:05 IST" skipped="2">
  <testcase classname="Test.Ng_Method" name="loginWithValidCredentials" time="27.455"/>
  <system-out/>
  <testcase classname="Test.Ng_Method" name="LoginWithInvalidCredentials" time="11.238"/>
  <system-out/>
  <testcase classname="Test.Ng_Method" name="loginWithValidUserId" time="23.079"/>
  <system-out/>
  <testcase classname="Test.Ng_Method" name="loginWithoutCredentailas" time="15.268"/>
  <system-out/>
  <testcase classname="Test.Ng_Method" name="loginWithValidPassword" time="25.824"/>
  <system-out/>
  <testcase classname="Test.Ng_Method" name="openSignup">
    <skipped/>
  </testcase> <!-- openSignup -->
  <system-out/>
  <testcase classname="Test.Ng_Method" name="openForget">
    <skipped/>
  </testcase> <!-- openForget -->
  <system-out/>
</testsuite> <!-- Test.Ng_Method -->
