<?xml version="1.0" encoding="UTF-8"?>
<!-- Generated by org.testng.reporters.JUnitReportReporter -->
<testsuite hostname="DESKTOP-VRBKJTB" failures="0" tests="8" name="Test.Sample_Data_Provider" time="0.044" errors="0" timestamp="2022-07-15T20:29:28 IST" skipped="0">
  <testcase classname="Test.Sample_Data_Provider" name="Test1" time="0.006"/>
  <system-out/>
  <testcase classname="Test.Sample_Data_Provider" name="Test1" time="0.003"/>
  <system-out/>
  <testcase classname="Test.Sample_Data_Provider" name="Demo" time="0.004"/>
  <system-out/>
  <testcase classname="Test.Sample_Data_Provider" name="Test1" time="0.007"/>
  <system-out/>
  <testcase classname="Test.Sample_Data_Provider" name="Test2" time="0.002"/>
  <system-out/>
  <testcase classname="Test.Sample_Data_Provider" name="Demo" time="0.007"/>
  <system-out/>
  <testcase classname="Test.Sample_Data_Provider" name="Demo" time="0.003"/>
  <system-out/>
  <testcase classname="Test.Sample_Data_Provider" name="Demo" time="0.012"/>
  <system-out/>
</testsuite> <!-- Test.Sample_Data_Provider -->
