<?xml version="1.0" encoding="UTF-8"?>
<!-- Generated by org.testng.reporters.JUnitReportReporter -->
<testsuite hostname="DESKTOP-VRBKJTB" failures="0" tests="7" name="Test.ZerodaLoginPageTestNg" time="85.571" errors="0" timestamp="2022-07-14T18:31:31 IST" skipped="0">
  <testcase classname="Test.ZerodaLoginPageTestNg" name="loginWithValidCredentials" time="19.690"/>
  <system-out/>
  <testcase classname="Test.ZerodaLoginPageTestNg" name="LoginWithInvalidCredentials" time="9.818"/>
  <system-out/>
  <testcase classname="Test.ZerodaLoginPageTestNg" name="loginWithValidUserId" time="11.866"/>
  <system-out/>
  <testcase classname="Test.ZerodaLoginPageTestNg" name="loginWithValidPassword" time="11.538"/>
  <system-out/>
  <testcase classname="Test.ZerodaLoginPageTestNg" name="loginWithoutCredentailas" time="11.747"/>
  <system-out/>
  <testcase classname="Test.ZerodaLoginPageTestNg" name="openForget" time="10.976"/>
  <system-out/>
  <testcase classname="Test.ZerodaLoginPageTestNg" name="openSignup" time="9.936"/>
  <system-out/>
</testsuite> <!-- Test.ZerodaLoginPageTestNg -->
